# JRE version: OpenJDK Runtime Environment (24.0+36) (build 24+36-3646)
# Java VM: OpenJDK 64-Bit Server VM (24+36-3646, mixed mode, emulated-client, sharing, tiered, compressed oops, compressed class ptrs, g1 gc, windows-amd64)
GC Precious Log:
 CardTable entry size: 512
 Card Set container configuration: InlinePtr #cards 4 size 8 Array Of Cards #cards 16 size 48 Howl #buckets 8 coarsen threshold 3686 Howl Bitmap #cards 512 size 80 coarsen threshold 460 Card regions per heap region 1 cards per card region 4096
 CPUs: 8 total, 8 available
 Memory: 16192M
 Large Page Support: Disabled
 NUMA Support: Disabled
 Compressed Oops: Enabled (Zero based)
 Heap Region Size: 2M
 Heap Min Capacity: 8M
 Heap Initial Capacity: 254M
 Heap Max Capacity: 4050M
 Pre-touch: Disabled
 Parallel Workers: 8
 Concurrent Workers: 2
 Concurrent Refinement Workers: 8
 Periodic GC: Disabled
Heap:
 garbage-first heap   total reserved 4147200K, committed 96256K, used 44590K [0x0000000702e00000, 0x0000000800000000)
  region size 2048K, 8 young (16384K), 4 survivors (8192K)
 Metaspace       used 74392K, committed 75008K, reserved 1179648K
  class space    used 8458K, committed 8704K, reserved 1048576K
GC Heap History (20 events):
Event: 2.018 GC heap before
{Heap before GC invocations=3 (full 0):
 garbage-first heap   total reserved 4147200K, committed 61440K, used 39484K [0x0000000702e00000, 0x0000000800000000)
  region size 2048K, 18 young (36864K), 6 survivors (12288K)
 Metaspace       used 22509K, committed 22912K, reserved 1114112K
  class space    used 2451K, committed 2624K, reserved 1048576K
}
Event: 2.026 GC heap after
{Heap after GC invocations=4 (full 0):
 garbage-first heap   total reserved 4147200K, committed 61440K, used 17005K [0x0000000702e00000, 0x0000000800000000)
  region size 2048K, 2 young (4096K), 2 survivors (4096K)
 Metaspace       used 22509K, committed 22912K, reserved 1114112K
  class space    used 2451K, committed 2624K, reserved 1048576K
}
Event: 2.419 GC heap before
{Heap before GC invocations=4 (full 0):
 garbage-first heap   total reserved 4147200K, committed 61440K, used 39533K [0x0000000702e00000, 0x0000000800000000)
  region size 2048K, 14 young (28672K), 2 survivors (4096K)
 Metaspace       used 25905K, committed 26304K, reserved 1114112K
  class space    used 2858K, committed 3008K, reserved 1048576K
}
Event: 2.424 GC heap after
{Heap after GC invocations=5 (full 0):
 garbage-first heap   total reserved 4147200K, committed 61440K, used 18957K [0x0000000702e00000, 0x0000000800000000)
  region size 2048K, 2 young (4096K), 2 survivors (4096K)
 Metaspace       used 25905K, committed 26304K, reserved 1114112K
  class space    used 2858K, committed 3008K, reserved 1048576K
}
Event: 2.776 GC heap before
{Heap before GC invocations=5 (full 0):
 garbage-first heap   total reserved 4147200K, committed 61440K, used 45581K [0x0000000702e00000, 0x0000000800000000)
  region size 2048K, 15 young (30720K), 2 survivors (4096K)
 Metaspace       used 29735K, committed 30144K, reserved 1114112K
  class space    used 3341K, committed 3520K, reserved 1048576K
}
Event: 2.781 GC heap after
{Heap after GC invocations=6 (full 0):
 garbage-first heap   total reserved 4147200K, committed 61440K, used 21520K [0x0000000702e00000, 0x0000000800000000)
  region size 2048K, 2 young (4096K), 2 survivors (4096K)
 Metaspace       used 29735K, committed 30144K, reserved 1114112K
  class space    used 3341K, committed 3520K, reserved 1048576K
}
Event: 3.196 GC heap before
{Heap before GC invocations=6 (full 0):
 garbage-first heap   total reserved 4147200K, committed 61440K, used 48144K [0x0000000702e00000, 0x0000000800000000)
  region size 2048K, 15 young (30720K), 2 survivors (4096K)
 Metaspace       used 34311K, committed 34816K, reserved 1114112K
  class space    used 3827K, committed 4032K, reserved 1048576K
}
Event: 3.201 GC heap after
{Heap after GC invocations=7 (full 0):
 garbage-first heap   total reserved 4147200K, committed 61440K, used 23998K [0x0000000702e00000, 0x0000000800000000)
  region size 2048K, 2 young (4096K), 2 survivors (4096K)
 Metaspace       used 34311K, committed 34816K, reserved 1114112K
  class space    used 3827K, committed 4032K, reserved 1048576K
}
Event: 3.279 GC heap before
{Heap before GC invocations=7 (full 0):
 garbage-first heap   total reserved 4147200K, committed 61440K, used 28094K [0x0000000702e00000, 0x0000000800000000)
  region size 2048K, 5 young (10240K), 2 survivors (4096K)
 Metaspace       used 35680K, committed 36096K, reserved 1114112K
  class space    used 3995K, committed 4160K, reserved 1048576K
}
Event: 3.282 GC heap after
{Heap after GC invocations=8 (full 0):
 garbage-first heap   total reserved 4147200K, committed 161792K, used 23922K [0x0000000702e00000, 0x0000000800000000)
  region size 2048K, 2 young (4096K), 2 survivors (4096K)
 Metaspace       used 35680K, committed 36096K, reserved 1114112K
  class space    used 3995K, committed 4160K, reserved 1048576K
}
Event: 4.944 GC heap before
{Heap before GC invocations=9 (full 0):
 garbage-first heap   total reserved 4147200K, committed 96256K, used 75122K [0x0000000702e00000, 0x0000000800000000)
  region size 2048K, 28 young (57344K), 2 survivors (4096K)
 Metaspace       used 54400K, committed 54976K, reserved 1114112K
  class space    used 5946K, committed 6208K, reserved 1048576K
}
Event: 4.949 GC heap after
{Heap after GC invocations=10 (full 0):
 garbage-first heap   total reserved 4147200K, committed 96256K, used 27823K [0x0000000702e00000, 0x0000000800000000)
  region size 2048K, 3 young (6144K), 3 survivors (6144K)
 Metaspace       used 54400K, committed 54976K, reserved 1114112K
  class space    used 5946K, committed 6208K, reserved 1048576K
}
Event: 6.717 GC heap before
{Heap before GC invocations=10 (full 0):
 garbage-first heap   total reserved 4147200K, committed 96256K, used 56495K [0x0000000702e00000, 0x0000000800000000)
  region size 2048K, 19 young (38912K), 3 survivors (6144K)
 Metaspace       used 60196K, committed 60800K, reserved 1114112K
  class space    used 6706K, committed 6976K, reserved 1048576K
}
Event: 6.724 GC heap after
{Heap after GC invocations=11 (full 0):
 garbage-first heap   total reserved 4147200K, committed 96256K, used 29468K [0x0000000702e00000, 0x0000000800000000)
  region size 2048K, 3 young (6144K), 3 survivors (6144K)
 Metaspace       used 60196K, committed 60800K, reserved 1114112K
  class space    used 6706K, committed 6976K, reserved 1048576K
}
Event: 6.747 GC heap before
{Heap before GC invocations=11 (full 0):
 garbage-first heap   total reserved 4147200K, committed 96256K, used 29468K [0x0000000702e00000, 0x0000000800000000)
  region size 2048K, 4 young (8192K), 3 survivors (6144K)
 Metaspace       used 60530K, committed 61120K, reserved 1114112K
  class space    used 6713K, committed 6976K, reserved 1048576K
}
Event: 6.752 GC heap after
{Heap after GC invocations=12 (full 0):
 garbage-first heap   total reserved 4147200K, committed 96256K, used 30326K [0x0000000702e00000, 0x0000000800000000)
  region size 2048K, 2 young (4096K), 2 survivors (4096K)
 Metaspace       used 60530K, committed 61120K, reserved 1114112K
  class space    used 6713K, committed 6976K, reserved 1048576K
}
Event: 7.416 GC heap before
{Heap before GC invocations=13 (full 0):
 garbage-first heap   total reserved 4147200K, committed 96256K, used 77430K [0x0000000702e00000, 0x0000000800000000)
  region size 2048K, 25 young (51200K), 2 survivors (4096K)
 Metaspace       used 66207K, committed 66880K, reserved 1114112K
  class space    used 7462K, committed 7744K, reserved 1048576K
}
Event: 7.421 GC heap after
{Heap after GC invocations=14 (full 0):
 garbage-first heap   total reserved 4147200K, committed 96256K, used 33594K [0x0000000702e00000, 0x0000000800000000)
  region size 2048K, 3 young (6144K), 3 survivors (6144K)
 Metaspace       used 66207K, committed 66880K, reserved 1114112K
  class space    used 7462K, committed 7744K, reserved 1048576K
}
Event: 17.782 GC heap before
{Heap before GC invocations=14 (full 0):
 garbage-first heap   total reserved 4147200K, committed 96256K, used 76602K [0x0000000702e00000, 0x0000000800000000)
  region size 2048K, 25 young (51200K), 3 survivors (6144K)
 Metaspace       used 73950K, committed 74688K, reserved 1179648K
  class space    used 8391K, committed 8704K, reserved 1048576K
}
Event: 17.790 GC heap after
{Heap after GC invocations=15 (full 0):
 garbage-first heap   total reserved 4147200K, committed 96256K, used 38446K [0x0000000702e00000, 0x0000000800000000)
  region size 2048K, 4 young (8192K), 4 survivors (8192K)
 Metaspace       used 73950K, committed 74688K, reserved 1179648K
  class space    used 8391K, committed 8704K, reserved 1048576K
}

